2024-08-29 22:39:41.722 INFO  [org.springframework.boot.StartupInfoLogger.logStarting      :   55] [main] >> Starting BatchApplication using Java 11.0.23 on heominhoui-MacBookPro.local with PID 34496 (/Users/mhheo/Documents/work/BIXOLON_BILLING_SERVER/source/batch/build/classes/java/main started by mhheo in /Users/mhheo/Documents/work/BIXOLON_BILLING_SERVER/source/batch)
2024-08-29 22:39:41.723 INFO  [springframework.boot.SpringApplication.logStartupProfileInfo:  637] [main] >> The following 1 profile is active: "local"
2024-08-29 22:39:42.087 INFO  [o.s.boot.web.embedded.tomcat.TomcatWebServer.initialize     :  108] [main] >> Tomcat initialized with port(s): 8080 (http)
2024-08-29 22:39:42.090 INFO  [org.apache.juli.logging.DirectJDKLog.log                    :  173] [main] >> Starting service [Tomcat]
2024-08-29 22:39:42.090 INFO  [org.apache.juli.logging.DirectJDKLog.log                    :  173] [main] >> Starting Servlet engine: [Apache Tomcat/9.0.71]
2024-08-29 22:39:42.129 INFO  [org.apache.juli.logging.DirectJDKLog.log                    :  173] [main] >> Initializing Spring embedded WebApplicationContext
2024-08-29 22:39:42.129 INFO  [vletWebServerApplicationContext.prepareWebApplicationContext:  292] [main] >> Root WebApplicationContext: initialization completed in 391 ms
2024-08-29 22:39:42.166 INFO  [com.bixpos.batch.db.construct.DataSourceBuilder.build       :   21] [main] >> configureDataSource : <DataSourceProperties(driverClassName=com.microsoft.sqlserver.jdbc.SQLServerDriver, url=jdbc:sqlserver://localhost:1433;databaseName=BIXACCDT_BIXOLON;sendStringParametersAsUnicode=false, username=asp_account, initialSize=1, minIdle=3, maxTotal=10, maxIdle=3, maxWaitMillis=3000, validationQuery=select 1, testOnBorrow=false, testOnReturn=false, testWhileIdle=true, validationQueryTimeout=10000, defaultAutoCommit=true, defaultReadOnly=true, poolPreparedStatements=true, maxOpenPreparedStatements=1000)>
2024-08-29 22:39:42.224 WARN  [o.s.context.support.AbstractApplicationContext.refresh      :  591] [main] >> Exception encountered during context initialization - cancelling refresh attempt: org.springframework.beans.factory.BeanCreationException: Error creating bean with name 'masterSqlSessionFactory' defined in class path resource [com/bixpos/batch/db/construct/MasterMyBatisConfig.class]: Bean instantiation via factory method failed; nested exception is org.springframework.beans.BeanInstantiationException: Failed to instantiate [org.apache.ibatis.session.SqlSessionFactory]: Factory method 'sqlSessionFactory' threw exception; nested exception is java.io.FileNotFoundException: class path resource [com.bixpos.batch/mapper/] cannot be resolved to URL because it does not exist
2024-08-29 22:39:42.225 INFO  [org.apache.juli.logging.DirectJDKLog.log                    :  173] [main] >> Stopping service [Tomcat]
2024-08-29 22:39:42.230 INFO  [.s.b.a.l.ConditionEvaluationReportLoggingListener.logMessage:  136] [main] >> 

Error starting ApplicationContext. To display the conditions report re-run your application with 'debug' enabled.
2024-08-29 22:39:42.235 WARN  [o.s.boot.diagnostics.FailureAnalyzers.handleAwareAnalyzers  :   92] [main] >> FailureAnalyzers [org.springframework.boot.autoconfigure.diagnostics.analyzer.NoSuchBeanDefinitionFailureAnalyzer,org.springframework.boot.autoconfigure.jdbc.DataSourceBeanCreationFailureAnalyzer,org.springframework.boot.autoconfigure.r2dbc.ConnectionFactoryBeanCreationFailureAnalyzer] implement BeanFactoryAware or EnvironmentAware. Support for these interfaces on FailureAnalyzers is deprecated, and will be removed in a future release. Instead provide a constructor that accepts BeanFactory or Environment parameters.
2024-08-29 22:39:42.240 ERROR [org.springframework.boot.SpringApplication.reportFailure    :  821] [main] >> Application run failed

org.springframework.beans.factory.BeanCreationException: Error creating bean with name 'masterSqlSessionFactory' defined in class path resource [com/bixpos/batch/db/construct/MasterMyBatisConfig.class]: Bean instantiation via factory method failed; nested exception is org.springframework.beans.BeanInstantiationException: Failed to instantiate [org.apache.ibatis.session.SqlSessionFactory]: Factory method 'sqlSessionFactory' threw exception; nested exception is java.io.FileNotFoundException: class path resource [com.bixpos.batch/mapper/] cannot be resolved to URL because it does not exist
	at org.springframework.beans.factory.support.ConstructorResolver.instantiate(ConstructorResolver.java:658)
	at org.springframework.beans.factory.support.ConstructorResolver.instantiateUsingFactoryMethod(ConstructorResolver.java:638)
	at org.springframework.beans.factory.support.AbstractAutowireCapableBeanFactory.instantiateUsingFactoryMethod(AbstractAutowireCapableBeanFactory.java:1352)
	at org.springframework.beans.factory.support.AbstractAutowireCapableBeanFactory.createBeanInstance(AbstractAutowireCapableBeanFactory.java:1195)
	at org.springframework.beans.factory.support.AbstractAutowireCapableBeanFactory.doCreateBean(AbstractAutowireCapableBeanFactory.java:582)
	at org.springframework.beans.factory.support.AbstractAutowireCapableBeanFactory.createBean(AbstractAutowireCapableBeanFactory.java:542)
	at org.springframework.beans.factory.support.AbstractBeanFactory.lambda$doGetBean$0(AbstractBeanFactory.java:335)
	at org.springframework.beans.factory.support.DefaultSingletonBeanRegistry.getSingleton(DefaultSingletonBeanRegistry.java:234)
	at org.springframework.beans.factory.support.AbstractBeanFactory.doGetBean(AbstractBeanFactory.java:333)
	at org.springframework.beans.factory.support.AbstractBeanFactory.getBean(AbstractBeanFactory.java:208)
	at org.springframework.beans.factory.support.DefaultListableBeanFactory.preInstantiateSingletons(DefaultListableBeanFactory.java:955)
	at org.springframework.context.support.AbstractApplicationContext.finishBeanFactoryInitialization(AbstractApplicationContext.java:918)
	at org.springframework.context.support.AbstractApplicationContext.refresh(AbstractApplicationContext.java:583)
	at org.springframework.boot.web.servlet.context.ServletWebServerApplicationContext.refresh(ServletWebServerApplicationContext.java:147)
	at org.springframework.boot.SpringApplication.refresh(SpringApplication.java:731)
	at org.springframework.boot.SpringApplication.refreshContext(SpringApplication.java:408)
	at org.springframework.boot.SpringApplication.run(SpringApplication.java:307)
	at org.springframework.boot.SpringApplication.run(SpringApplication.java:1303)
	at org.springframework.boot.SpringApplication.run(SpringApplication.java:1292)
	at com.bixpos.batch.BatchApplication.main(BatchApplication.java:10)
Caused by: org.springframework.beans.BeanInstantiationException: Failed to instantiate [org.apache.ibatis.session.SqlSessionFactory]: Factory method 'sqlSessionFactory' threw exception; nested exception is java.io.FileNotFoundException: class path resource [com.bixpos.batch/mapper/] cannot be resolved to URL because it does not exist
	at org.springframework.beans.factory.support.SimpleInstantiationStrategy.instantiate(SimpleInstantiationStrategy.java:185)
	at org.springframework.beans.factory.support.ConstructorResolver.instantiate(ConstructorResolver.java:653)
	... 19 common frames omitted
Caused by: java.io.FileNotFoundException: class path resource [com.bixpos.batch/mapper/] cannot be resolved to URL because it does not exist
	at org.springframework.core.io.ClassPathResource.getURL(ClassPathResource.java:214)
	at org.springframework.core.io.support.PathMatchingResourcePatternResolver.findPathMatchingResources(PathMatchingResourcePatternResolver.java:501)
	at org.springframework.core.io.support.PathMatchingResourcePatternResolver.getResources(PathMatchingResourcePatternResolver.java:298)
	at com.bixpos.batch.db.construct.SqlSessionFactoryBuilder.build(SqlSessionFactoryBuilder.java:33)
	at com.bixpos.batch.db.construct.MasterMyBatisConfig.sqlSessionFactory(MybatisConfig.java:33)
	at com.bixpos.batch.db.construct.MasterMyBatisConfig$$EnhancerBySpringCGLIB$$2bb838d5.CGLIB$sqlSessionFactory$2(<generated>)
	at com.bixpos.batch.db.construct.MasterMyBatisConfig$$EnhancerBySpringCGLIB$$2bb838d5$$FastClassBySpringCGLIB$$601e6c57.invoke(<generated>)
	at org.springframework.cglib.proxy.MethodProxy.invokeSuper(MethodProxy.java:244)
	at org.springframework.context.annotation.ConfigurationClassEnhancer$BeanMethodInterceptor.intercept(ConfigurationClassEnhancer.java:331)
	at com.bixpos.batch.db.construct.MasterMyBatisConfig$$EnhancerBySpringCGLIB$$2bb838d5.sqlSessionFactory(<generated>)
	at java.base/jdk.internal.reflect.NativeMethodAccessorImpl.invoke0(Native Method)
	at java.base/jdk.internal.reflect.NativeMethodAccessorImpl.invoke(NativeMethodAccessorImpl.java:62)
	at java.base/jdk.internal.reflect.DelegatingMethodAccessorImpl.invoke(DelegatingMethodAccessorImpl.java:43)
	at java.base/java.lang.reflect.Method.invoke(Method.java:566)
	at org.springframework.beans.factory.support.SimpleInstantiationStrategy.instantiate(SimpleInstantiationStrategy.java:154)
	... 20 common frames omitted

2024-08-29 22:39:56.928 INFO  [org.springframework.boot.StartupInfoLogger.logStarting      :   55] [main] >> Starting BatchApplication using Java 11.0.23 on heominhoui-MacBookPro.local with PID 34501 (/Users/mhheo/Documents/work/BIXOLON_BILLING_SERVER/source/batch/build/classes/java/main started by mhheo in /Users/mhheo/Documents/work/BIXOLON_BILLING_SERVER/source/batch)
2024-08-29 22:39:56.929 INFO  [springframework.boot.SpringApplication.logStartupProfileInfo:  637] [main] >> The following 1 profile is active: "local"
2024-08-29 22:39:57.270 INFO  [o.s.boot.web.embedded.tomcat.TomcatWebServer.initialize     :  108] [main] >> Tomcat initialized with port(s): 8080 (http)
2024-08-29 22:39:57.273 INFO  [org.apache.juli.logging.DirectJDKLog.log                    :  173] [main] >> Starting service [Tomcat]
2024-08-29 22:39:57.274 INFO  [org.apache.juli.logging.DirectJDKLog.log                    :  173] [main] >> Starting Servlet engine: [Apache Tomcat/9.0.71]
2024-08-29 22:39:57.309 INFO  [org.apache.juli.logging.DirectJDKLog.log                    :  173] [main] >> Initializing Spring embedded WebApplicationContext
2024-08-29 22:39:57.310 INFO  [vletWebServerApplicationContext.prepareWebApplicationContext:  292] [main] >> Root WebApplicationContext: initialization completed in 367 ms
2024-08-29 22:39:57.345 INFO  [com.bixpos.batch.db.construct.DataSourceBuilder.build       :   21] [main] >> configureDataSource : <DataSourceProperties(driverClassName=com.microsoft.sqlserver.jdbc.SQLServerDriver, url=jdbc:sqlserver://localhost:1433;databaseName=BIXACCDT_BIXOLON;sendStringParametersAsUnicode=false, username=asp_account, initialSize=1, minIdle=3, maxTotal=10, maxIdle=3, maxWaitMillis=3000, validationQuery=select 1, testOnBorrow=false, testOnReturn=false, testWhileIdle=true, validationQueryTimeout=10000, defaultAutoCommit=true, defaultReadOnly=true, poolPreparedStatements=true, maxOpenPreparedStatements=1000)>
2024-08-29 22:39:57.405 WARN  [o.s.context.support.AbstractApplicationContext.refresh      :  591] [main] >> Exception encountered during context initialization - cancelling refresh attempt: org.springframework.beans.factory.BeanCreationException: Error creating bean with name 'masterSqlSessionFactory' defined in class path resource [com/bixpos/batch/db/construct/MasterMyBatisConfig.class]: Bean instantiation via factory method failed; nested exception is org.springframework.beans.BeanInstantiationException: Failed to instantiate [org.apache.ibatis.session.SqlSessionFactory]: Factory method 'sqlSessionFactory' threw exception; nested exception is java.io.FileNotFoundException: class path resource [com.bixpos.batch/mapper/] cannot be resolved to URL because it does not exist
2024-08-29 22:39:57.406 INFO  [org.apache.juli.logging.DirectJDKLog.log                    :  173] [main] >> Stopping service [Tomcat]
2024-08-29 22:39:57.413 INFO  [.s.b.a.l.ConditionEvaluationReportLoggingListener.logMessage:  136] [main] >> 

Error starting ApplicationContext. To display the conditions report re-run your application with 'debug' enabled.
2024-08-29 22:39:57.418 WARN  [o.s.boot.diagnostics.FailureAnalyzers.handleAwareAnalyzers  :   92] [main] >> FailureAnalyzers [org.springframework.boot.autoconfigure.diagnostics.analyzer.NoSuchBeanDefinitionFailureAnalyzer,org.springframework.boot.autoconfigure.jdbc.DataSourceBeanCreationFailureAnalyzer,org.springframework.boot.autoconfigure.r2dbc.ConnectionFactoryBeanCreationFailureAnalyzer] implement BeanFactoryAware or EnvironmentAware. Support for these interfaces on FailureAnalyzers is deprecated, and will be removed in a future release. Instead provide a constructor that accepts BeanFactory or Environment parameters.
2024-08-29 22:39:57.423 ERROR [org.springframework.boot.SpringApplication.reportFailure    :  821] [main] >> Application run failed

org.springframework.beans.factory.BeanCreationException: Error creating bean with name 'masterSqlSessionFactory' defined in class path resource [com/bixpos/batch/db/construct/MasterMyBatisConfig.class]: Bean instantiation via factory method failed; nested exception is org.springframework.beans.BeanInstantiationException: Failed to instantiate [org.apache.ibatis.session.SqlSessionFactory]: Factory method 'sqlSessionFactory' threw exception; nested exception is java.io.FileNotFoundException: class path resource [com.bixpos.batch/mapper/] cannot be resolved to URL because it does not exist
	at org.springframework.beans.factory.support.ConstructorResolver.instantiate(ConstructorResolver.java:658)
	at org.springframework.beans.factory.support.ConstructorResolver.instantiateUsingFactoryMethod(ConstructorResolver.java:638)
	at org.springframework.beans.factory.support.AbstractAutowireCapableBeanFactory.instantiateUsingFactoryMethod(AbstractAutowireCapableBeanFactory.java:1352)
	at org.springframework.beans.factory.support.AbstractAutowireCapableBeanFactory.createBeanInstance(AbstractAutowireCapableBeanFactory.java:1195)
	at org.springframework.beans.factory.support.AbstractAutowireCapableBeanFactory.doCreateBean(AbstractAutowireCapableBeanFactory.java:582)
	at org.springframework.beans.factory.support.AbstractAutowireCapableBeanFactory.createBean(AbstractAutowireCapableBeanFactory.java:542)
	at org.springframework.beans.factory.support.AbstractBeanFactory.lambda$doGetBean$0(AbstractBeanFactory.java:335)
	at org.springframework.beans.factory.support.DefaultSingletonBeanRegistry.getSingleton(DefaultSingletonBeanRegistry.java:234)
	at org.springframework.beans.factory.support.AbstractBeanFactory.doGetBean(AbstractBeanFactory.java:333)
	at org.springframework.beans.factory.support.AbstractBeanFactory.getBean(AbstractBeanFactory.java:208)
	at org.springframework.beans.factory.support.DefaultListableBeanFactory.preInstantiateSingletons(DefaultListableBeanFactory.java:955)
	at org.springframework.context.support.AbstractApplicationContext.finishBeanFactoryInitialization(AbstractApplicationContext.java:918)
	at org.springframework.context.support.AbstractApplicationContext.refresh(AbstractApplicationContext.java:583)
	at org.springframework.boot.web.servlet.context.ServletWebServerApplicationContext.refresh(ServletWebServerApplicationContext.java:147)
	at org.springframework.boot.SpringApplication.refresh(SpringApplication.java:731)
	at org.springframework.boot.SpringApplication.refreshContext(SpringApplication.java:408)
	at org.springframework.boot.SpringApplication.run(SpringApplication.java:307)
	at org.springframework.boot.SpringApplication.run(SpringApplication.java:1303)
	at org.springframework.boot.SpringApplication.run(SpringApplication.java:1292)
	at com.bixpos.batch.BatchApplication.main(BatchApplication.java:10)
Caused by: org.springframework.beans.BeanInstantiationException: Failed to instantiate [org.apache.ibatis.session.SqlSessionFactory]: Factory method 'sqlSessionFactory' threw exception; nested exception is java.io.FileNotFoundException: class path resource [com.bixpos.batch/mapper/] cannot be resolved to URL because it does not exist
	at org.springframework.beans.factory.support.SimpleInstantiationStrategy.instantiate(SimpleInstantiationStrategy.java:185)
	at org.springframework.beans.factory.support.ConstructorResolver.instantiate(ConstructorResolver.java:653)
	... 19 common frames omitted
Caused by: java.io.FileNotFoundException: class path resource [com.bixpos.batch/mapper/] cannot be resolved to URL because it does not exist
	at org.springframework.core.io.ClassPathResource.getURL(ClassPathResource.java:214)
	at org.springframework.core.io.support.PathMatchingResourcePatternResolver.findPathMatchingResources(PathMatchingResourcePatternResolver.java:501)
	at org.springframework.core.io.support.PathMatchingResourcePatternResolver.getResources(PathMatchingResourcePatternResolver.java:298)
	at com.bixpos.batch.db.construct.SqlSessionFactoryBuilder.build(SqlSessionFactoryBuilder.java:33)
	at com.bixpos.batch.db.construct.MasterMyBatisConfig.sqlSessionFactory(MybatisConfig.java:33)
	at com.bixpos.batch.db.construct.MasterMyBatisConfig$$EnhancerBySpringCGLIB$$fbb9acb5.CGLIB$sqlSessionFactory$1(<generated>)
	at com.bixpos.batch.db.construct.MasterMyBatisConfig$$EnhancerBySpringCGLIB$$fbb9acb5$$FastClassBySpringCGLIB$$79ff2b63.invoke(<generated>)
	at org.springframework.cglib.proxy.MethodProxy.invokeSuper(MethodProxy.java:244)
	at org.springframework.context.annotation.ConfigurationClassEnhancer$BeanMethodInterceptor.intercept(ConfigurationClassEnhancer.java:331)
	at com.bixpos.batch.db.construct.MasterMyBatisConfig$$EnhancerBySpringCGLIB$$fbb9acb5.sqlSessionFactory(<generated>)
	at java.base/jdk.internal.reflect.NativeMethodAccessorImpl.invoke0(Native Method)
	at java.base/jdk.internal.reflect.NativeMethodAccessorImpl.invoke(NativeMethodAccessorImpl.java:62)
	at java.base/jdk.internal.reflect.DelegatingMethodAccessorImpl.invoke(DelegatingMethodAccessorImpl.java:43)
	at java.base/java.lang.reflect.Method.invoke(Method.java:566)
	at org.springframework.beans.factory.support.SimpleInstantiationStrategy.instantiate(SimpleInstantiationStrategy.java:154)
	... 20 common frames omitted

2024-08-29 22:40:37.943 INFO  [org.springframework.boot.StartupInfoLogger.logStarting      :   55] [main] >> Starting BatchApplication using Java 11.0.23 on heominhoui-MacBookPro.local with PID 34514 (/Users/mhheo/Documents/work/BIXOLON_BILLING_SERVER/source/batch/build/classes/java/main started by mhheo in /Users/mhheo/Documents/work/BIXOLON_BILLING_SERVER/source/batch)
2024-08-29 22:40:37.944 INFO  [springframework.boot.SpringApplication.logStartupProfileInfo:  637] [main] >> The following 1 profile is active: "local"
2024-08-29 22:40:38.292 INFO  [o.s.boot.web.embedded.tomcat.TomcatWebServer.initialize     :  108] [main] >> Tomcat initialized with port(s): 8080 (http)
2024-08-29 22:40:38.296 INFO  [org.apache.juli.logging.DirectJDKLog.log                    :  173] [main] >> Starting service [Tomcat]
2024-08-29 22:40:38.296 INFO  [org.apache.juli.logging.DirectJDKLog.log                    :  173] [main] >> Starting Servlet engine: [Apache Tomcat/9.0.71]
2024-08-29 22:40:38.335 INFO  [org.apache.juli.logging.DirectJDKLog.log                    :  173] [main] >> Initializing Spring embedded WebApplicationContext
2024-08-29 22:40:38.335 INFO  [vletWebServerApplicationContext.prepareWebApplicationContext:  292] [main] >> Root WebApplicationContext: initialization completed in 377 ms
2024-08-29 22:40:38.371 INFO  [com.bixpos.batch.db.construct.DataSourceBuilder.build       :   21] [main] >> configureDataSource : <DataSourceProperties(driverClassName=com.microsoft.sqlserver.jdbc.SQLServerDriver, url=jdbc:sqlserver://localhost:1433;databaseName=BIXACCDT_BIXOLON;sendStringParametersAsUnicode=false, username=asp_account, initialSize=1, minIdle=3, maxTotal=10, maxIdle=3, maxWaitMillis=3000, validationQuery=select 1, testOnBorrow=false, testOnReturn=false, testWhileIdle=true, validationQueryTimeout=10000, defaultAutoCommit=true, defaultReadOnly=true, poolPreparedStatements=true, maxOpenPreparedStatements=1000)>
2024-08-29 22:40:38.431 WARN  [o.s.context.support.AbstractApplicationContext.refresh      :  591] [main] >> Exception encountered during context initialization - cancelling refresh attempt: org.springframework.beans.factory.BeanCreationException: Error creating bean with name 'masterSqlSessionFactory' defined in class path resource [com/bixpos/batch/db/construct/MasterMyBatisConfig.class]: Bean instantiation via factory method failed; nested exception is org.springframework.beans.BeanInstantiationException: Failed to instantiate [org.apache.ibatis.session.SqlSessionFactory]: Factory method 'sqlSessionFactory' threw exception; nested exception is java.io.FileNotFoundException: class path resource [com.bixpos.batch/mapper/] cannot be resolved to URL because it does not exist
2024-08-29 22:40:38.432 INFO  [org.apache.juli.logging.DirectJDKLog.log                    :  173] [main] >> Stopping service [Tomcat]
2024-08-29 22:40:38.438 INFO  [.s.b.a.l.ConditionEvaluationReportLoggingListener.logMessage:  136] [main] >> 

Error starting ApplicationContext. To display the conditions report re-run your application with 'debug' enabled.
2024-08-29 22:40:38.442 WARN  [o.s.boot.diagnostics.FailureAnalyzers.handleAwareAnalyzers  :   92] [main] >> FailureAnalyzers [org.springframework.boot.autoconfigure.diagnostics.analyzer.NoSuchBeanDefinitionFailureAnalyzer,org.springframework.boot.autoconfigure.jdbc.DataSourceBeanCreationFailureAnalyzer,org.springframework.boot.autoconfigure.r2dbc.ConnectionFactoryBeanCreationFailureAnalyzer] implement BeanFactoryAware or EnvironmentAware. Support for these interfaces on FailureAnalyzers is deprecated, and will be removed in a future release. Instead provide a constructor that accepts BeanFactory or Environment parameters.
2024-08-29 22:40:38.447 ERROR [org.springframework.boot.SpringApplication.reportFailure    :  821] [main] >> Application run failed

org.springframework.beans.factory.BeanCreationException: Error creating bean with name 'masterSqlSessionFactory' defined in class path resource [com/bixpos/batch/db/construct/MasterMyBatisConfig.class]: Bean instantiation via factory method failed; nested exception is org.springframework.beans.BeanInstantiationException: Failed to instantiate [org.apache.ibatis.session.SqlSessionFactory]: Factory method 'sqlSessionFactory' threw exception; nested exception is java.io.FileNotFoundException: class path resource [com.bixpos.batch/mapper/] cannot be resolved to URL because it does not exist
	at org.springframework.beans.factory.support.ConstructorResolver.instantiate(ConstructorResolver.java:658)
	at org.springframework.beans.factory.support.ConstructorResolver.instantiateUsingFactoryMethod(ConstructorResolver.java:638)
	at org.springframework.beans.factory.support.AbstractAutowireCapableBeanFactory.instantiateUsingFactoryMethod(AbstractAutowireCapableBeanFactory.java:1352)
	at org.springframework.beans.factory.support.AbstractAutowireCapableBeanFactory.createBeanInstance(AbstractAutowireCapableBeanFactory.java:1195)
	at org.springframework.beans.factory.support.AbstractAutowireCapableBeanFactory.doCreateBean(AbstractAutowireCapableBeanFactory.java:582)
	at org.springframework.beans.factory.support.AbstractAutowireCapableBeanFactory.createBean(AbstractAutowireCapableBeanFactory.java:542)
	at org.springframework.beans.factory.support.AbstractBeanFactory.lambda$doGetBean$0(AbstractBeanFactory.java:335)
	at org.springframework.beans.factory.support.DefaultSingletonBeanRegistry.getSingleton(DefaultSingletonBeanRegistry.java:234)
	at org.springframework.beans.factory.support.AbstractBeanFactory.doGetBean(AbstractBeanFactory.java:333)
	at org.springframework.beans.factory.support.AbstractBeanFactory.getBean(AbstractBeanFactory.java:208)
	at org.springframework.beans.factory.support.DefaultListableBeanFactory.preInstantiateSingletons(DefaultListableBeanFactory.java:955)
	at org.springframework.context.support.AbstractApplicationContext.finishBeanFactoryInitialization(AbstractApplicationContext.java:918)
	at org.springframework.context.support.AbstractApplicationContext.refresh(AbstractApplicationContext.java:583)
	at org.springframework.boot.web.servlet.context.ServletWebServerApplicationContext.refresh(ServletWebServerApplicationContext.java:147)
	at org.springframework.boot.SpringApplication.refresh(SpringApplication.java:731)
	at org.springframework.boot.SpringApplication.refreshContext(SpringApplication.java:408)
	at org.springframework.boot.SpringApplication.run(SpringApplication.java:307)
	at org.springframework.boot.SpringApplication.run(SpringApplication.java:1303)
	at org.springframework.boot.SpringApplication.run(SpringApplication.java:1292)
	at com.bixpos.batch.BatchApplication.main(BatchApplication.java:10)
Caused by: org.springframework.beans.BeanInstantiationException: Failed to instantiate [org.apache.ibatis.session.SqlSessionFactory]: Factory method 'sqlSessionFactory' threw exception; nested exception is java.io.FileNotFoundException: class path resource [com.bixpos.batch/mapper/] cannot be resolved to URL because it does not exist
	at org.springframework.beans.factory.support.SimpleInstantiationStrategy.instantiate(SimpleInstantiationStrategy.java:185)
	at org.springframework.beans.factory.support.ConstructorResolver.instantiate(ConstructorResolver.java:653)
	... 19 common frames omitted
Caused by: java.io.FileNotFoundException: class path resource [com.bixpos.batch/mapper/] cannot be resolved to URL because it does not exist
	at org.springframework.core.io.ClassPathResource.getURL(ClassPathResource.java:214)
	at org.springframework.core.io.support.PathMatchingResourcePatternResolver.findPathMatchingResources(PathMatchingResourcePatternResolver.java:501)
	at org.springframework.core.io.support.PathMatchingResourcePatternResolver.getResources(PathMatchingResourcePatternResolver.java:298)
	at com.bixpos.batch.db.construct.SqlSessionFactoryBuilder.build(SqlSessionFactoryBuilder.java:33)
	at com.bixpos.batch.db.construct.MasterMyBatisConfig.sqlSessionFactory(MybatisConfig.java:33)
	at com.bixpos.batch.db.construct.MasterMyBatisConfig$$EnhancerBySpringCGLIB$$c9e2c38b.CGLIB$sqlSessionFactory$0(<generated>)
	at com.bixpos.batch.db.construct.MasterMyBatisConfig$$EnhancerBySpringCGLIB$$c9e2c38b$$FastClassBySpringCGLIB$$ce383c58.invoke(<generated>)
	at org.springframework.cglib.proxy.MethodProxy.invokeSuper(MethodProxy.java:244)
	at org.springframework.context.annotation.ConfigurationClassEnhancer$BeanMethodInterceptor.intercept(ConfigurationClassEnhancer.java:331)
	at com.bixpos.batch.db.construct.MasterMyBatisConfig$$EnhancerBySpringCGLIB$$c9e2c38b.sqlSessionFactory(<generated>)
	at java.base/jdk.internal.reflect.NativeMethodAccessorImpl.invoke0(Native Method)
	at java.base/jdk.internal.reflect.NativeMethodAccessorImpl.invoke(NativeMethodAccessorImpl.java:62)
	at java.base/jdk.internal.reflect.DelegatingMethodAccessorImpl.invoke(DelegatingMethodAccessorImpl.java:43)
	at java.base/java.lang.reflect.Method.invoke(Method.java:566)
	at org.springframework.beans.factory.support.SimpleInstantiationStrategy.instantiate(SimpleInstantiationStrategy.java:154)
	... 20 common frames omitted

2024-08-29 22:41:09.951 INFO  [org.springframework.boot.StartupInfoLogger.logStarting      :   55] [main] >> Starting BatchApplication using Java 11.0.23 on heominhoui-MacBookPro.local with PID 34523 (/Users/mhheo/Documents/work/BIXOLON_BILLING_SERVER/source/batch/build/classes/java/main started by mhheo in /Users/mhheo/Documents/work/BIXOLON_BILLING_SERVER/source/batch)
2024-08-29 22:41:09.954 INFO  [springframework.boot.SpringApplication.logStartupProfileInfo:  637] [main] >> The following 1 profile is active: "local"
2024-08-29 22:41:10.322 INFO  [o.s.boot.web.embedded.tomcat.TomcatWebServer.initialize     :  108] [main] >> Tomcat initialized with port(s): 8080 (http)
2024-08-29 22:41:10.326 INFO  [org.apache.juli.logging.DirectJDKLog.log                    :  173] [main] >> Starting service [Tomcat]
2024-08-29 22:41:10.327 INFO  [org.apache.juli.logging.DirectJDKLog.log                    :  173] [main] >> Starting Servlet engine: [Apache Tomcat/9.0.71]
2024-08-29 22:41:10.370 INFO  [org.apache.juli.logging.DirectJDKLog.log                    :  173] [main] >> Initializing Spring embedded WebApplicationContext
2024-08-29 22:41:10.370 INFO  [vletWebServerApplicationContext.prepareWebApplicationContext:  292] [main] >> Root WebApplicationContext: initialization completed in 396 ms
2024-08-29 22:41:10.409 INFO  [com.bixpos.batch.db.construct.DataSourceBuilder.build       :   21] [main] >> configureDataSource : <DataSourceProperties(driverClassName=com.microsoft.sqlserver.jdbc.SQLServerDriver, url=jdbc:sqlserver://localhost:1433;databaseName=BIXACCDT_BIXOLON;sendStringParametersAsUnicode=false, username=asp_account, initialSize=1, minIdle=3, maxTotal=10, maxIdle=3, maxWaitMillis=3000, validationQuery=select 1, testOnBorrow=false, testOnReturn=false, testWhileIdle=true, validationQueryTimeout=10000, defaultAutoCommit=true, defaultReadOnly=true, poolPreparedStatements=true, maxOpenPreparedStatements=1000)>
2024-08-29 22:41:10.470 WARN  [o.s.context.support.AbstractApplicationContext.refresh      :  591] [main] >> Exception encountered during context initialization - cancelling refresh attempt: org.springframework.beans.factory.BeanCreationException: Error creating bean with name 'masterSqlSessionFactory' defined in class path resource [com/bixpos/batch/db/construct/MasterMyBatisConfig.class]: Bean instantiation via factory method failed; nested exception is org.springframework.beans.BeanInstantiationException: Failed to instantiate [org.apache.ibatis.session.SqlSessionFactory]: Factory method 'sqlSessionFactory' threw exception; nested exception is java.io.FileNotFoundException: class path resource [com.bixpos.batch/mapper/] cannot be resolved to URL because it does not exist
2024-08-29 22:41:10.471 INFO  [org.apache.juli.logging.DirectJDKLog.log                    :  173] [main] >> Stopping service [Tomcat]
2024-08-29 22:41:10.477 INFO  [.s.b.a.l.ConditionEvaluationReportLoggingListener.logMessage:  136] [main] >> 

Error starting ApplicationContext. To display the conditions report re-run your application with 'debug' enabled.
2024-08-29 22:41:10.481 WARN  [o.s.boot.diagnostics.FailureAnalyzers.handleAwareAnalyzers  :   92] [main] >> FailureAnalyzers [org.springframework.boot.autoconfigure.diagnostics.analyzer.NoSuchBeanDefinitionFailureAnalyzer,org.springframework.boot.autoconfigure.jdbc.DataSourceBeanCreationFailureAnalyzer,org.springframework.boot.autoconfigure.r2dbc.ConnectionFactoryBeanCreationFailureAnalyzer] implement BeanFactoryAware or EnvironmentAware. Support for these interfaces on FailureAnalyzers is deprecated, and will be removed in a future release. Instead provide a constructor that accepts BeanFactory or Environment parameters.
2024-08-29 22:41:10.487 ERROR [org.springframework.boot.SpringApplication.reportFailure    :  821] [main] >> Application run failed

org.springframework.beans.factory.BeanCreationException: Error creating bean with name 'masterSqlSessionFactory' defined in class path resource [com/bixpos/batch/db/construct/MasterMyBatisConfig.class]: Bean instantiation via factory method failed; nested exception is org.springframework.beans.BeanInstantiationException: Failed to instantiate [org.apache.ibatis.session.SqlSessionFactory]: Factory method 'sqlSessionFactory' threw exception; nested exception is java.io.FileNotFoundException: class path resource [com.bixpos.batch/mapper/] cannot be resolved to URL because it does not exist
	at org.springframework.beans.factory.support.ConstructorResolver.instantiate(ConstructorResolver.java:658)
	at org.springframework.beans.factory.support.ConstructorResolver.instantiateUsingFactoryMethod(ConstructorResolver.java:638)
	at org.springframework.beans.factory.support.AbstractAutowireCapableBeanFactory.instantiateUsingFactoryMethod(AbstractAutowireCapableBeanFactory.java:1352)
	at org.springframework.beans.factory.support.AbstractAutowireCapableBeanFactory.createBeanInstance(AbstractAutowireCapableBeanFactory.java:1195)
	at org.springframework.beans.factory.support.AbstractAutowireCapableBeanFactory.doCreateBean(AbstractAutowireCapableBeanFactory.java:582)
	at org.springframework.beans.factory.support.AbstractAutowireCapableBeanFactory.createBean(AbstractAutowireCapableBeanFactory.java:542)
	at org.springframework.beans.factory.support.AbstractBeanFactory.lambda$doGetBean$0(AbstractBeanFactory.java:335)
	at org.springframework.beans.factory.support.DefaultSingletonBeanRegistry.getSingleton(DefaultSingletonBeanRegistry.java:234)
	at org.springframework.beans.factory.support.AbstractBeanFactory.doGetBean(AbstractBeanFactory.java:333)
	at org.springframework.beans.factory.support.AbstractBeanFactory.getBean(AbstractBeanFactory.java:208)
	at org.springframework.beans.factory.support.DefaultListableBeanFactory.preInstantiateSingletons(DefaultListableBeanFactory.java:955)
	at org.springframework.context.support.AbstractApplicationContext.finishBeanFactoryInitialization(AbstractApplicationContext.java:918)
	at org.springframework.context.support.AbstractApplicationContext.refresh(AbstractApplicationContext.java:583)
	at org.springframework.boot.web.servlet.context.ServletWebServerApplicationContext.refresh(ServletWebServerApplicationContext.java:147)
	at org.springframework.boot.SpringApplication.refresh(SpringApplication.java:731)
	at org.springframework.boot.SpringApplication.refreshContext(SpringApplication.java:408)
	at org.springframework.boot.SpringApplication.run(SpringApplication.java:307)
	at org.springframework.boot.SpringApplication.run(SpringApplication.java:1303)
	at org.springframework.boot.SpringApplication.run(SpringApplication.java:1292)
	at com.bixpos.batch.BatchApplication.main(BatchApplication.java:10)
Caused by: org.springframework.beans.BeanInstantiationException: Failed to instantiate [org.apache.ibatis.session.SqlSessionFactory]: Factory method 'sqlSessionFactory' threw exception; nested exception is java.io.FileNotFoundException: class path resource [com.bixpos.batch/mapper/] cannot be resolved to URL because it does not exist
	at org.springframework.beans.factory.support.SimpleInstantiationStrategy.instantiate(SimpleInstantiationStrategy.java:185)
	at org.springframework.beans.factory.support.ConstructorResolver.instantiate(ConstructorResolver.java:653)
	... 19 common frames omitted
Caused by: java.io.FileNotFoundException: class path resource [com.bixpos.batch/mapper/] cannot be resolved to URL because it does not exist
	at org.springframework.core.io.ClassPathResource.getURL(ClassPathResource.java:214)
	at org.springframework.core.io.support.PathMatchingResourcePatternResolver.findPathMatchingResources(PathMatchingResourcePatternResolver.java:501)
	at org.springframework.core.io.support.PathMatchingResourcePatternResolver.getResources(PathMatchingResourcePatternResolver.java:298)
	at com.bixpos.batch.db.construct.SqlSessionFactoryBuilder.build(SqlSessionFactoryBuilder.java:33)
	at com.bixpos.batch.db.construct.MasterMyBatisConfig.sqlSessionFactory(MybatisConfig.java:33)
	at com.bixpos.batch.db.construct.MasterMyBatisConfig$$EnhancerBySpringCGLIB$$2d01f807.CGLIB$sqlSessionFactory$2(<generated>)
	at com.bixpos.batch.db.construct.MasterMyBatisConfig$$EnhancerBySpringCGLIB$$2d01f807$$FastClassBySpringCGLIB$$744d17e7.invoke(<generated>)
	at org.springframework.cglib.proxy.MethodProxy.invokeSuper(MethodProxy.java:244)
	at org.springframework.context.annotation.ConfigurationClassEnhancer$BeanMethodInterceptor.intercept(ConfigurationClassEnhancer.java:331)
	at com.bixpos.batch.db.construct.MasterMyBatisConfig$$EnhancerBySpringCGLIB$$2d01f807.sqlSessionFactory(<generated>)
	at java.base/jdk.internal.reflect.NativeMethodAccessorImpl.invoke0(Native Method)
	at java.base/jdk.internal.reflect.NativeMethodAccessorImpl.invoke(NativeMethodAccessorImpl.java:62)
	at java.base/jdk.internal.reflect.DelegatingMethodAccessorImpl.invoke(DelegatingMethodAccessorImpl.java:43)
	at java.base/java.lang.reflect.Method.invoke(Method.java:566)
	at org.springframework.beans.factory.support.SimpleInstantiationStrategy.instantiate(SimpleInstantiationStrategy.java:154)
	... 20 common frames omitted

2024-08-29 22:43:09.531 INFO  [org.springframework.boot.StartupInfoLogger.logStarting      :   55] [main] >> Starting BatchApplication using Java 11.0.23 on heominhoui-MacBookPro.local with PID 34571 (/Users/mhheo/Documents/work/BIXOLON_BILLING_SERVER/source/batch/build/classes/java/main started by mhheo in /Users/mhheo/Documents/work/BIXOLON_BILLING_SERVER/source/batch)
2024-08-29 22:43:09.533 INFO  [springframework.boot.SpringApplication.logStartupProfileInfo:  637] [main] >> The following 1 profile is active: "local"
2024-08-29 22:43:09.931 INFO  [o.s.boot.web.embedded.tomcat.TomcatWebServer.initialize     :  108] [main] >> Tomcat initialized with port(s): 8080 (http)
2024-08-29 22:43:09.935 INFO  [org.apache.juli.logging.DirectJDKLog.log                    :  173] [main] >> Starting service [Tomcat]
2024-08-29 22:43:09.935 INFO  [org.apache.juli.logging.DirectJDKLog.log                    :  173] [main] >> Starting Servlet engine: [Apache Tomcat/9.0.71]
2024-08-29 22:43:09.976 INFO  [org.apache.juli.logging.DirectJDKLog.log                    :  173] [main] >> Initializing Spring embedded WebApplicationContext
2024-08-29 22:43:09.977 INFO  [vletWebServerApplicationContext.prepareWebApplicationContext:  292] [main] >> Root WebApplicationContext: initialization completed in 429 ms
2024-08-29 22:43:10.015 INFO  [com.bixpos.batch.db.construct.DataSourceBuilder.build       :   21] [main] >> configureDataSource : <DataSourceProperties(driverClassName=com.microsoft.sqlserver.jdbc.SQLServerDriver, url=jdbc:sqlserver://localhost:1433;databaseName=BIXACCDT_BIXOLON;sendStringParametersAsUnicode=false, username=asp_account, initialSize=1, minIdle=3, maxTotal=10, maxIdle=3, maxWaitMillis=3000, validationQuery=select 1, testOnBorrow=false, testOnReturn=false, testWhileIdle=true, validationQueryTimeout=10000, defaultAutoCommit=true, defaultReadOnly=true, poolPreparedStatements=true, maxOpenPreparedStatements=1000)>
2024-08-29 22:43:10.284 INFO  [org.quartz.impl.StdSchedulerFactory.instantiate             : 1220] [main] >> Using default implementation for ThreadExecutor
2024-08-29 22:43:10.288 INFO  [org.quartz.core.SchedulerSignalerImpl.<init>                :   61] [main] >> Initialized Scheduler Signaller of type: class org.quartz.core.SchedulerSignalerImpl
2024-08-29 22:43:10.288 INFO  [org.quartz.core.QuartzScheduler.<init>                      :  229] [main] >> Quartz Scheduler v.2.3.2 created.
2024-08-29 22:43:10.288 INFO  [org.quartz.simpl.RAMJobStore.initialize                     :  155] [main] >> RAMJobStore initialized.
2024-08-29 22:43:10.288 INFO  [org.quartz.core.QuartzScheduler.initialize                  :  294] [main] >> Scheduler meta-data: Quartz Scheduler (v2.3.2) 'quartzScheduler' with instanceId 'NON_CLUSTERED'
  Scheduler class: 'org.quartz.core.QuartzScheduler' - running locally.
  NOT STARTED.
  Currently in standby mode.
  Number of jobs executed: 0
  Using thread pool 'org.quartz.simpl.SimpleThreadPool' - with 10 threads.
  Using job-store 'org.quartz.simpl.RAMJobStore' - which does not support persistence. and is not clustered.

2024-08-29 22:43:10.288 INFO  [org.quartz.impl.StdSchedulerFactory.instantiate             : 1374] [main] >> Quartz scheduler 'quartzScheduler' initialized from an externally provided properties instance.
2024-08-29 22:43:10.288 INFO  [org.quartz.impl.StdSchedulerFactory.instantiate             : 1378] [main] >> Quartz scheduler version: 2.3.2
2024-08-29 22:43:10.288 INFO  [org.quartz.core.QuartzScheduler.setJobFactory               : 2293] [main] >> JobFactory set to: org.springframework.scheduling.quartz.SpringBeanJobFactory@76396509
2024-08-29 22:43:10.324 INFO  [o.s.boot.web.embedded.tomcat.TomcatWebServer.start          :  220] [main] >> Tomcat started on port(s): 8080 (http) with context path ''
2024-08-29 22:43:10.325 INFO  [o.s.scheduling.quartz.SchedulerFactoryBean.startScheduler   :  729] [main] >> Starting Quartz Scheduler now
2024-08-29 22:43:10.325 INFO  [org.quartz.core.QuartzScheduler.start                       :  547] [main] >> Scheduler quartzScheduler_$_NON_CLUSTERED started.
2024-08-29 22:43:10.331 INFO  [org.springframework.boot.StartupInfoLogger.logStarted       :   61] [main] >> Started BatchApplication in 1.056 seconds (JVM running for 1.663)
2024-08-29 22:43:25.946 INFO  [org.quartz.core.QuartzScheduler.standby                     :  585] [ownHook] >> Scheduler quartzScheduler_$_NON_CLUSTERED paused.
2024-08-29 22:43:25.960 INFO  [o.s.scheduling.quartz.SchedulerFactoryBean.destroy          :  847] [ownHook] >> Shutting down Quartz Scheduler
2024-08-29 22:43:25.960 INFO  [org.quartz.core.QuartzScheduler.shutdown                    :  666] [ownHook] >> Scheduler quartzScheduler_$_NON_CLUSTERED shutting down.
2024-08-29 22:43:25.960 INFO  [org.quartz.core.QuartzScheduler.standby                     :  585] [ownHook] >> Scheduler quartzScheduler_$_NON_CLUSTERED paused.
2024-08-29 22:43:25.960 INFO  [org.quartz.core.QuartzScheduler.shutdown                    :  740] [ownHook] >> Scheduler quartzScheduler_$_NON_CLUSTERED shutdown complete.
2024-08-29 22:52:12.455 INFO  [org.springframework.boot.StartupInfoLogger.logStarting      :   55] [main] >> Starting BatchApplication using Java 11.0.23 on heominhoui-MacBookPro.local with PID 35442 (/Users/mhheo/Documents/work/BIXOLON_BILLING_SERVER/source/batch/build/classes/java/main started by mhheo in /Users/mhheo/Documents/work/BIXOLON_BILLING_SERVER/source/batch)
2024-08-29 22:52:12.457 INFO  [springframework.boot.SpringApplication.logStartupProfileInfo:  637] [main] >> The following 1 profile is active: "local"
2024-08-29 22:52:12.822 INFO  [o.s.boot.web.embedded.tomcat.TomcatWebServer.initialize     :  108] [main] >> Tomcat initialized with port(s): 8080 (http)
2024-08-29 22:52:12.826 INFO  [org.apache.juli.logging.DirectJDKLog.log                    :  173] [main] >> Starting service [Tomcat]
2024-08-29 22:52:12.826 INFO  [org.apache.juli.logging.DirectJDKLog.log                    :  173] [main] >> Starting Servlet engine: [Apache Tomcat/9.0.71]
2024-08-29 22:52:12.865 INFO  [org.apache.juli.logging.DirectJDKLog.log                    :  173] [main] >> Initializing Spring embedded WebApplicationContext
2024-08-29 22:52:12.865 INFO  [vletWebServerApplicationContext.prepareWebApplicationContext:  292] [main] >> Root WebApplicationContext: initialization completed in 394 ms
2024-08-29 22:52:12.902 INFO  [com.bixpos.batch.db.construct.DataSourceBuilder.build       :   21] [main] >> configureDataSource : <DataSourceProperties(driverClassName=com.microsoft.sqlserver.jdbc.SQLServerDriver, url=jdbc:sqlserver://localhost:1433;databaseName=BIXACCDT_BIXOLON;sendStringParametersAsUnicode=false, username=asp_account, initialSize=1, minIdle=3, maxTotal=10, maxIdle=3, maxWaitMillis=3000, validationQuery=select 1, testOnBorrow=false, testOnReturn=false, testWhileIdle=true, validationQueryTimeout=10000, defaultAutoCommit=true, defaultReadOnly=true, poolPreparedStatements=true, maxOpenPreparedStatements=1000)>
2024-08-29 22:52:13.156 INFO  [org.quartz.impl.StdSchedulerFactory.instantiate             : 1220] [main] >> Using default implementation for ThreadExecutor
2024-08-29 22:52:13.160 INFO  [org.quartz.core.SchedulerSignalerImpl.<init>                :   61] [main] >> Initialized Scheduler Signaller of type: class org.quartz.core.SchedulerSignalerImpl
2024-08-29 22:52:13.160 INFO  [org.quartz.core.QuartzScheduler.<init>                      :  229] [main] >> Quartz Scheduler v.2.3.2 created.
2024-08-29 22:52:13.160 INFO  [org.quartz.simpl.RAMJobStore.initialize                     :  155] [main] >> RAMJobStore initialized.
2024-08-29 22:52:13.160 INFO  [org.quartz.core.QuartzScheduler.initialize                  :  294] [main] >> Scheduler meta-data: Quartz Scheduler (v2.3.2) 'quartzScheduler' with instanceId 'NON_CLUSTERED'
  Scheduler class: 'org.quartz.core.QuartzScheduler' - running locally.
  NOT STARTED.
  Currently in standby mode.
  Number of jobs executed: 0
  Using thread pool 'org.quartz.simpl.SimpleThreadPool' - with 10 threads.
  Using job-store 'org.quartz.simpl.RAMJobStore' - which does not support persistence. and is not clustered.

2024-08-29 22:52:13.161 INFO  [org.quartz.impl.StdSchedulerFactory.instantiate             : 1374] [main] >> Quartz scheduler 'quartzScheduler' initialized from an externally provided properties instance.
2024-08-29 22:52:13.161 INFO  [org.quartz.impl.StdSchedulerFactory.instantiate             : 1378] [main] >> Quartz scheduler version: 2.3.2
2024-08-29 22:52:13.161 INFO  [org.quartz.core.QuartzScheduler.setJobFactory               : 2293] [main] >> JobFactory set to: org.springframework.scheduling.quartz.SpringBeanJobFactory@4d354a3e
2024-08-29 22:52:13.195 INFO  [o.s.boot.web.embedded.tomcat.TomcatWebServer.start          :  220] [main] >> Tomcat started on port(s): 8080 (http) with context path ''
2024-08-29 22:52:13.196 INFO  [o.s.scheduling.quartz.SchedulerFactoryBean.startScheduler   :  729] [main] >> Starting Quartz Scheduler now
2024-08-29 22:52:13.196 INFO  [org.quartz.core.QuartzScheduler.start                       :  547] [main] >> Scheduler quartzScheduler_$_NON_CLUSTERED started.
2024-08-29 22:52:13.202 INFO  [org.springframework.boot.StartupInfoLogger.logStarted       :   61] [main] >> Started BatchApplication in 0.955 seconds (JVM running for 1.245)
2024-08-29 23:40:54.640 INFO  [org.quartz.core.QuartzScheduler.standby                     :  585] [ownHook] >> Scheduler quartzScheduler_$_NON_CLUSTERED paused.
2024-08-29 23:40:54.658 INFO  [o.s.scheduling.quartz.SchedulerFactoryBean.destroy          :  847] [ownHook] >> Shutting down Quartz Scheduler
2024-08-29 23:40:54.658 INFO  [org.quartz.core.QuartzScheduler.shutdown                    :  666] [ownHook] >> Scheduler quartzScheduler_$_NON_CLUSTERED shutting down.
2024-08-29 23:40:54.659 INFO  [org.quartz.core.QuartzScheduler.standby                     :  585] [ownHook] >> Scheduler quartzScheduler_$_NON_CLUSTERED paused.
2024-08-29 23:40:54.659 INFO  [org.quartz.core.QuartzScheduler.shutdown                    :  740] [ownHook] >> Scheduler quartzScheduler_$_NON_CLUSTERED shutdown complete.
